D:\VISUAL-STDIO-PROJECT\GTY-BS\DEBUG\GTY-BS.EXE
D:\VISUAL-STDIO-PROJECT\GTY-BS\DEBUG\GTY-BS.ILK
D:\VISUAL-STDIO-PROJECT\GTY-BS\DEBUG\GTY-BS.PDB
D:\VISUAL-STDIO-PROJECT\GTY-BS\GTY-BS\DEBUG\ADCONN.OBJ
D:\visual-stdio-project\GTY-bs\GTY-bs\Debug\cl.command.1.tlog
D:\visual-stdio-project\GTY-bs\GTY-bs\Debug\CL.read.1.tlog
D:\visual-stdio-project\GTY-bs\GTY-bs\Debug\CL.write.1.tlog
D:\VISUAL-STDIO-PROJECT\GTY-BS\GTY-BS\DEBUG\DLG_LOGIN.OBJ
D:\VISUAL-STDIO-PROJECT\GTY-BS\GTY-BS\DEBUG\GTY-BS.EXE.EMBED.MANIFEST
D:\VISUAL-STDIO-PROJECT\GTY-BS\GTY-BS\DEBUG\GTY-BS.EXE.EMBED.MANIFEST.RES
D:\VISUAL-STDIO-PROJECT\GTY-BS\GTY-BS\DEBUG\GTY-BS.EXE.INTERMEDIATE.MANIFEST
D:\VISUAL-STDIO-PROJECT\GTY-BS\GTY-BS\DEBUG\GTY-BS.OBJ
D:\VISUAL-STDIO-PROJECT\GTY-BS\GTY-BS\DEBUG\GTY-BS.PCH
D:\VISUAL-STDIO-PROJECT\GTY-BS\GTY-BS\DEBUG\GTY-BS.RES
D:\visual-stdio-project\GTY-bs\GTY-bs\Debug\GTY-bs_manifest.rc
D:\VISUAL-STDIO-PROJECT\GTY-BS\GTY-BS\DEBUG\GTY-BSDLG.OBJ
D:\visual-stdio-project\GTY-bs\GTY-bs\Debug\link.command.1.tlog
D:\visual-stdio-project\GTY-bs\GTY-bs\Debug\link.read.1.tlog
D:\visual-stdio-project\GTY-bs\GTY-bs\Debug\link.write.1.tlog
D:\visual-stdio-project\GTY-bs\GTY-bs\Debug\link-cvtres.read.1.tlog
D:\visual-stdio-project\GTY-bs\GTY-bs\Debug\link-cvtres.write.1.tlog
D:\visual-stdio-project\GTY-bs\GTY-bs\Debug\msado15.tlh
D:\visual-stdio-project\GTY-bs\GTY-bs\Debug\msado15.tli
D:\visual-stdio-project\GTY-bs\GTY-bs\Debug\mt.command.1.tlog
D:\visual-stdio-project\GTY-bs\GTY-bs\Debug\mt.read.1.tlog
D:\visual-stdio-project\GTY-bs\GTY-bs\Debug\mt.write.1.tlog
D:\visual-stdio-project\GTY-bs\GTY-bs\Debug\rc.command.1.tlog
D:\visual-stdio-project\GTY-bs\GTY-bs\Debug\rc.read.1.tlog
D:\visual-stdio-project\GTY-bs\GTY-bs\Debug\rc.write.1.tlog
D:\VISUAL-STDIO-PROJECT\GTY-BS\GTY-BS\DEBUG\STDAFX.OBJ
D:\visual-stdio-project\GTY-bs\GTY-bs\Debug\vc100.idb
D:\VISUAL-STDIO-PROJECT\GTY-BS\GTY-BS\DEBUG\VC100.PDB
