生成启动时间为 2015/5/26 16:22:30。
     1>项目“D:\visual-stdio-project\GTY-bs\GTY-bs\GTY-bs.vcxproj”在节点 2 上(build 个目标)。
     1>InitializeBuildStatus:
         正在创建“Debug\GTY-bs.unsuccessfulbuild”，因为已指定“AlwaysCreate”。
       ClCompile:
         所有输出均为最新。
         D:\visual stdio2010\VC\bin\CL.exe /c /ZI /nologo /W3 /WX- /Od /Oy- /D WIN32 /D _WINDOWS /D _DEBUG /D _MBCS /Gm /EHsc /RTC1 /MTd /GS /fp:precise /Zc:wchar_t /Zc:forScope /Yu"StdAfx.h" /Fp"Debug\GTY-bs.pch" /Fo"Debug\\" /Fd"Debug\vc100.pdb" /Gd /TP /analyze- /errorReport:prompt Dlg_Login.cpp
         Dlg_Login.cpp
       ResourceCompile:
         所有输出均为最新。
       ManifestResourceCompile:
         所有输出均为最新。
       Link:
         D:\visual stdio2010\VC\bin\link.exe /ERRORREPORT:PROMPT /OUT:"D:\visual-stdio-project\GTY-bs\Debug\GTY-bs.exe" /INCREMENTAL /NOLOGO /MANIFEST /ManifestFile:"Debug\GTY-bs.exe.intermediate.manifest" /MANIFESTUAC:"level='asInvoker' uiAccess='false'" /DEBUG /PDB:"D:\visual-stdio-project\GTY-bs\Debug\GTY-bs.pdb" /SUBSYSTEM:WINDOWS /TLBID:1 /DYNAMICBASE /NXCOMPAT /IMPLIB:"D:\visual-stdio-project\GTY-bs\Debug\GTY-bs.lib" /MACHINE:X86 "Debug\GTY-bs.res"
         "Debug\GTY-bs.exe.embed.manifest.res"
         Debug\AdoConn.obj
         Debug\Dlg_Login.obj
         "Debug\GTY-bs.obj"
         "Debug\GTY-bsDlg.obj"
         Debug\stdafx.obj
       Manifest:
         C:\Program Files (x86)\Microsoft SDKs\Windows\v7.0A\bin\mt.exe /nologo /verbose /out:"Debug\GTY-bs.exe.embed.manifest" /manifest "Debug\GTY-bs.exe.intermediate.manifest" "D:\visual stdio2010\VC\Include\Manifest\dpiaware.manifest"
         所有输出均为最新。
       LinkEmbedManifest:
         所有输出均为最新。
         GTY-bs.vcxproj -> D:\visual-stdio-project\GTY-bs\Debug\GTY-bs.exe
       FinalizeBuildStatus:
         正在删除文件“Debug\GTY-bs.unsuccessfulbuild”。
         正在对“Debug\GTY-bs.lastbuildstate”执行 Touch 任务。
     1>已完成生成项目“D:\visual-stdio-project\GTY-bs\GTY-bs\GTY-bs.vcxproj”(build 个目标)的操作。

生成成功。

已用时间 00:00:02.52
